

* . * . * . * . * . * . * . * . * . * . * . * . * . * . * . * . * . * . * . * . 
     PROGRAM GLOBAL_ANGUPDATE HAS BEGUN. COMPILED 1999232.55     ORG: NP23
     STARTING DATE-TIME  JUL 31,2015  21:52:04.507  212  FRI   2457235


 &SETUP
 JPCH    =        1329,
 NSTEP   =          90,
 NSIZE   =          20,
 WGTANG  =  8.3333328E-03,
 WGTLAP  =  0.0000000E+00,
 IUSEQC  =           1,
 DTMAX   =   1.000000    ,
 IYY1    =        2005,
 IMM1    =           8,
 IDD1    =           1,
 IHH1    =          12,
 IYY2    =        2005,
 IMM2    =           8,
 IDD2    =           1,
 IHH2    =          12,
 DTH     =   6.000000    ,
 NDAT    =          26
 /
 nsize,rsize=          20  5.0000001E-02
           1 hirs3     n17       hirs3_n17           
           2 hirs4     metop-a   hirs4_metop-a       
           3 hirs4     n19       hirs4_n19           
           4 cris      npp       cris_npp            
           5 airs      aqua      airs281SUBSET_aqua  
           6 amsua     n15       amsua_n15           
           7 amsua     n18       amsua_n18           
           8 amsua     metop-a   amsua_metop-a       
           9 amsua     aqua      amsua_aqua          
          10 mhs       n18       mhs_n18             
          11 mhs       metop-a   mhs_metop-a         
          12 iasi      metop-a   iasi616_metop-a     
          13 mhs       n19       mhs_n19             
          14 amsua     n19       amsua_n19           
          15 mhs       n19       mhs_n19             
          16 ssmis_las f16       ssmis_f16           
          17 ssmis_uas f16       ssmis_f16           
          18 ssmis_img f16       ssmis_f16           
          19 ssmis_env f16       ssmis_f16           
          20 sndrd3    g13       sndrD3_g13          
          21 sndrd4    g13       sndrD4_g13          
          22 sndrd1    g13       sndrD1_g13          
          23 sndrd2    g13       sndrD2_g13          
          24 amsub     n17       amsub_n17           
          25 atms      npp       atms_npp            
          26 amsua     n19       amsua_n19           
  
 Start time:          2005           8           1          12
 End time  :          2005           8           1          12
 Time incr :     6.000000    
 ntime =            1
 it,idate=           1        2005           8           1          12
  
  Task            0  skipping file diag_hirs3_n17.2005080112 with exist= F
  Task            0  skipping file diag_hirs4_metop-a.2005080112 with exist= F
  Task            0  skipping file diag_hirs4_n19.2005080112 with exist= F
  Task            0  skipping file diag_cris_npp.2005080112 with exist= F
  Task            0  skipping file diag_airs_aqua.2005080112 with exist= F
  Task            0  skipping file diag_amsua_n15.2005080112 with exist= F
  Task            0  skipping file diag_amsua_n18.2005080112 with exist= F
  Task            0  skipping file diag_amsua_metop-a.2005080112 with exist= F
  Task            0  skipping file diag_amsua_aqua.2005080112 with exist= F
  Task            0  skipping file diag_mhs_n18.2005080112 with exist= F
  Task            0  skipping file diag_mhs_metop-a.2005080112 with exist= F
  Task            0  skipping file diag_iasi_metop-a.2005080112 with exist= F
  Task            0  skipping file diag_mhs_n19.2005080112 with exist= F
  Task            0  skipping file diag_amsua_n19.2005080112 with exist= F
  Task            0  skipping file diag_mhs_n19.2005080112 with exist= F
  Task            0  skipping file diag_ssmis_las_f16.2005080112 with exist= F
  Task            0  skipping file diag_ssmis_uas_f16.2005080112 with exist= F
  Task            0  skipping file diag_ssmis_img_f16.2005080112 with exist= F
  Task            0  skipping file diag_ssmis_env_f16.2005080112 with exist= F
  Task            0  skipping file diag_sndrd3_g13.2005080112 with exist= F
  Task            0  skipping file diag_sndrd4_g13.2005080112 with exist= F
  Task            0  skipping file diag_sndrd1_g13.2005080112 with exist= F
  Task            0  skipping file diag_sndrd2_g13.2005080112 with exist= F
  Task            0  skipping file diag_amsub_n17.2005080112 with exist= F
  Task            0  skipping file diag_atms_npp.2005080112 with exist= F
  Task            0  skipping file diag_amsua_n19.2005080112 with exist= F
  Wait after satellite/sensor loop
  
  Initialize output arrays to input values
  skipping       update file i=           1  with fname=update_hirs3_n17  F
  skipping       update file i=           2  with fname=update_hirs4_metop-a  F
  skipping       update file i=           3  with fname=update_hirs4_n19  F
  skipping       update file i=           4  with fname=update_cris_npp  F
  skipping       update file i=           5  with fname=update_airs_aqua  F
  skipping       update file i=           6  with fname=update_amsua_n15  F
  skipping       update file i=           7  with fname=update_amsua_n18  F
  skipping       update file i=           8  with fname=update_amsua_metop-a  F
  skipping       update file i=           9  with fname=update_amsua_aqua  F
  skipping       update file i=          10  with fname=update_mhs_n18  F
  skipping       update file i=          11  with fname=update_mhs_metop-a  F
  skipping       update file i=          12  with fname=update_iasi_metop-a  F
  skipping       update file i=          13  with fname=update_mhs_n19  F
  skipping       update file i=          14  with fname=update_amsua_n19  F
  skipping       update file i=          15  with fname=update_mhs_n19  F
  skipping       update file i=          16  with fname=update_ssmis_las_f16  F
  skipping       update file i=          17  with fname=update_ssmis_uas_f16  F
  skipping       update file i=          18  with fname=update_ssmis_img_f16  F
  skipping       update file i=          19  with fname=update_ssmis_env_f16  F
  skipping       update file i=          20  with fname=update_sndrd3_g13  F
  skipping       update file i=          21  with fname=update_sndrd4_g13  F
  skipping       update file i=          22  with fname=update_sndrd1_g13  F
  skipping       update file i=          23  with fname=update_sndrd2_g13  F
  skipping       update file i=          24  with fname=update_amsub_n17  F
  skipping       update file i=          25  with fname=update_atms_npp  F
  skipping       update file i=          26  with fname=update_amsua_n19  F


     ENDING DATE-TIME    JUL 31,2015  21:52:04.710  212  FRI   2457235
     PROGRAM GLOBAL_ANGUPDATE HAS ENDED.
* . * . * . * . * . * . * . * . * . * . * . * . * . * . * . * . * . * . * . * . 
*****************RESOURCE STATISTICS*******************************
The total amount of wall time                        = 0.202749
The total amount of time in user mode                = 0.062990
The total amount of time in sys mode                 = 0.154976
The maximum resident set size (KB)                   = 9096
Number of page faults without I/O activity           = 3915
Number of page faults with I/O activity              = 0
Number of times filesystem performed INPUT           = 0
Number of times filesystem performed OUTPUT          = 1880
Number of Voluntary Context Switches                 = 129
Number of InVoluntary Context Switches               = 6
*****************END OF RESOURCE STATISTICS*************************

